#
# A fatal error has been detected by the Java Runtime Environment:
#
#  SIGSEGV (0xb) at pc=0x00007f48413283f7, pid=3164, tid=0x00007f47e4131700
#
# JRE version: Java(TM) SE Runtime Environment (8.0_201-b09) (build 1.8.0_201-b09)
# Java VM: Java HotSpot(TM) 64-Bit Server VM (25.201-b09 mixed mode linux-amd64 compressed oops)
# Problematic frame:
# C  [libc.so.6+0x443f7]
#
# Failed to write core dump. Core dumps have been disabled. To enable core dumping, try "ulimit -c unlimited" before starting Java again
#
# If you would like to submit a bug report, please visit:
#   http://bugreport.java.com/bugreport/crash.jsp
# The crash happened outside the Java Virtual Machine in native code.
# See problematic frame for where to report the bug.
#

---------------  T H R E A D  ---------------

Current thread (0x00007f483ca38000):  JavaThread "JavaFX Application Thread" [_thread_in_native, id=3211, stack(0x00007f47e4031000,0x00007f47e4132000)]

siginfo: si_signo: 11 (SIGSEGV), si_code: 128 (SI_KERNEL), si_addr: 0x0000000000000000

Registers:
RAX=0x0010683c24d98360, RBX=0x0000000000000001, RCX=0x0000000000000000, RDX=0x00007f47a400007f
RSP=0x00007f47e412f220, RBP=0x0000000000000001, RSI=0x0000000000000001, RDI=0x0000000000000000
R8 =0x00007f47a4d977d0, R9 =0x0000000000000001, R10=0x000000000000000a, R11=0x00007f4755aa8780
R12=0x00007f48414c8718, R13=0x0000000000000132, R14=0x00007f48414cd428, R15=0x00007f47a4d97380
RIP=0x00007f48413283f7, EFLAGS=0x0000000000010206, CSGSFS=0x002b000000000033, ERR=0x0000000000000000
  TRAPNO=0x000000000000000d

Top of Stack: (sp=0x00007f47e412f220)
0x00007f47e412f220:   00007f47c06dc7a0 000000013ca12f00
0x00007f47e412f230:   00007f47e412f248 00007f483ca12f00
0x00007f47e412f240:   0000000000000000 0000000000000000
0x00007f47e412f250:   00007f47e412f308 000000007fffffff
0x00007f47e412f260:   00007f47ec095a00 00007f484132855a
0x00007f47e412f270:   0000000000000000 00007f47e74860e8
0x00007f47e412f280:   00007f483ca12f00 00007f47e748399d
0x00007f47e412f290:   00007f483ca12f00 00007f47e74756d7
0x00007f47e412f2a0:   0000000000000000 0000000000000000
0x00007f47e412f2b0:   00007f483ca20020 00007f47ec095a5e
0x00007f47e412f2c0:   00007f483ca30490 00007f483ca30490
0x00007f47e412f2d0:   00007f47e412f310 00007f47e77d3379
0x00007f47e412f2e0:   00007f483c9f8bc0 00007f47e77d39c9
0x00007f47e412f2f0:   00007f47e412f304 00007f47e412f390
0x00007f47e412f300:   ffffffffbc00df60 00007f483ca303a0
0x00007f47e412f310:   00007f483ca30490 00007f4700000001
0x00007f47e412f320:   00007f483c9df040 00007f483ca303a0
0x00007f47e412f330:   00007f47c06dac6c 3e5a8655c6d3af00
0x00007f47e412f340:   00007f483c9d8f28 00007f483ca30490
0x00007f47e412f350:   00007f47c06dac6c 00007f47c0017d70
0x00007f47e412f360:   00007f47e412f394 0000000000000001
0x00007f47e412f370:   0000000000000002 00007f47e77d3d7b
0x00007f47e412f380:   00007f47c06dac60 000000013ca30490
0x00007f47e412f390:   000000107fffffff 3e5a8655c6d3af00
0x00007f47e412f3a0:   0000000000000008 00007f47c06dac60
0x00007f47e412f3b0:   00007f47c06dac6c 0000000000000000
0x00007f47e412f3c0:   00007f47c06dac60 00007f47e412f500
0x00007f47e412f3d0:   00007f483ca38000 00007f47e77d41d2
0x00007f47e412f3e0:   00007f47e412f4e0 0000000000000000
0x00007f47e412f3f0:   00007f47c06dac60 0000000000000000
0x00007f47e412f400:   00007f47e412f4e0 00007f47ec2253e7
0x00007f47e412f410:   00007f47e412f490 00007f482ae92584 

Instructions: (pc=0x00007f48413283f7)
0x00007f48413283d7:   49 8d 3e 48 81 ec 80 00 00 00 e8 ea 4c 0e 00 48
0x00007f48413283e7:   81 c4 80 00 00 00 48 89 d0 48 c1 e0 05 4c 01 f8
0x00007f48413283f7:   48 8b 50 10 48 83 fa 03 74 37 48 83 fa 04 0f 85
0x00007f4841328407:   55 ff ff ff 48 8b 50 18 48 c7 40 10 00 00 00 00 

Register to memory mapping:

RAX=0x0010683c24d98360 is an unknown value
RBX=0x0000000000000001 is an unknown value
RCX=0x0000000000000000 is an unknown value
RDX=0x00007f47a400007f is an unknown value
RSP=0x00007f47e412f220 is pointing into the stack for thread: 0x00007f483ca38000
RBP=0x0000000000000001 is an unknown value
RSI=0x0000000000000001 is an unknown value
RDI=0x0000000000000000 is an unknown value
R8 =0x00007f47a4d977d0 is an unknown value
R9 =0x0000000000000001 is an unknown value
R10=0x000000000000000a is an unknown value
R11=0x00007f4755aa8780: _ZN2cv6String10deallocateEv+0 in /home/eugene/.javacpp/cache/opencv-3.4.3-1.4.3-linux-x86_64.jar/org/bytedeco/javacpp/linux-x86_64/libopencv_core.so.3.4 at 0x00007f47558be000
R12=0x00007f48414c8718: <offset 0x1e4718> in /lib/x86_64-linux-gnu/libc.so.6 at 0x00007f48412e4000
R13=0x0000000000000132 is an unknown value
R14=0x00007f48414cd428: <offset 0x1e9428> in /lib/x86_64-linux-gnu/libc.so.6 at 0x00007f48412e4000
R15=0x00007f47a4d97380 is an unknown value


Stack: [0x00007f47e4031000,0x00007f47e4132000],  sp=0x00007f47e412f220,  free space=1016k
Native frames: (J=compiled Java code, j=interpreted, Vv=VM code, C=native code)
C  [libc.so.6+0x443f7]

Java frames: (J=compiled Java code, j=interpreted, Vv=VM code)
j  com.sun.glass.ui.gtk.GtkApplication.enterNestedEventLoopImpl()V+0
j  com.sun.glass.ui.gtk.GtkApplication._enterNestedEventLoop()Ljava/lang/Object;+15
j  com.sun.glass.ui.Application.enterNestedEventLoop()Ljava/lang/Object;+14
j  com.sun.glass.ui.EventLoop.enter()Ljava/lang/Object;+42
j  com.sun.javafx.tk.quantum.QuantumToolkit.enterNestedEventLoop(Ljava/lang/Object;)Ljava/lang/Object;+107
j  javafx.stage.Stage.showAndWait()V+93
j  ru.shadowsparky.client.utils.Launcher.show()V+8
j  ru.shadowsparky.client.controllers.BaseConnectionFragment$onSuccess$1.run()V+15
J 3787 C2 com.sun.javafx.application.PlatformImpl$$Lambda$53.run()Ljava/lang/Object; (8 bytes) @ 0x00007f482c8cea88 [0x00007f482c8cea20+0x68]
v  ~StubRoutines::call_stub
J 1621  java.security.AccessController.doPrivileged(Ljava/security/PrivilegedAction;Ljava/security/AccessControlContext;)Ljava/lang/Object; (0 bytes) @ 0x00007f482ccf8963 [0x00007f482ccf8900+0x63]
J 5946 C2 com.sun.javafx.application.PlatformImpl$$Lambda$51.run()V (12 bytes) @ 0x00007f482d3cb4b4 [0x00007f482d3cb420+0x94]
J 5870 C2 com.sun.glass.ui.InvokeLaterDispatcher$Future.run()V (91 bytes) @ 0x00007f482d899f28 [0x00007f482d899ee0+0x48]
v  ~StubRoutines::call_stub
j  com.sun.glass.ui.gtk.GtkApplication._runLoop(Ljava/lang/Runnable;Z)V+0
j  com.sun.glass.ui.gtk.GtkApplication.lambda$null$203(Ljava/lang/Runnable;Z)V+7
j  com.sun.glass.ui.gtk.GtkApplication$$Lambda$41.run()V+12
j  java.lang.Thread.run()V+11
v  ~StubRoutines::call_stub

---------------  P R O C E S S  ---------------

Java Threads: ( => current thread )
  0x00007f46b4011000 JavaThread "XToolkt-Shutdown-Thread" [_thread_in_native, id=7830, stack(0x00007f47451f5000,0x00007f47452f6000)]
  0x00007f47f0007800 JavaThread "SIGTERM handler" daemon [_thread_blocked, id=7807, stack(0x00007f47477f8000,0x00007f47478f9000)]
  0x00007f47f0004800 JavaThread "SIGHUP handler" daemon [_thread_blocked, id=7802, stack(0x00007f47478f9000,0x00007f47479fa000)]
  0x00007f47c06d6800 JavaThread "FXConnector.SubWindowChecker.StageID [appID=0, stageID=1396019090, name=null]" daemon [_thread_blocked, id=7546, stack(0x00007f47479fa000,0x00007f4747afb000)]
  0x00007f4730001000 JavaThread "DefaultDispatcher-worker-9" daemon [_thread_blocked, id=7545, stack(0x00007f4747afb000,0x00007f4747bfc000)]
  0x00007f47c0133800 JavaThread "FXConnector.SubWindowChecker.StageID [appID=0, stageID=1762665105, name=null]" daemon [_thread_blocked, id=6169, stack(0x00007f4747bfc000,0x00007f4747cfd000)]
  0x00007f4708f19000 JavaThread "DefaultDispatcher-worker-8" daemon [_thread_blocked, id=6168, stack(0x00007f4747cfd000,0x00007f4747dfe000)]
  0x00007f47c013b800 JavaThread "FXConnector.SubWindowChecker.StageID [appID=0, stageID=1447763608, name=null]" daemon [_thread_blocked, id=5887, stack(0x00007f47472fa000,0x00007f47473fb000)]
  0x00007f4709641000 JavaThread "DefaultDispatcher-worker-7" daemon [_thread_blocked, id=5886, stack(0x00007f47473fb000,0x00007f47474fc000)]
  0x00007f47c0139800 JavaThread "DefaultDispatcher-worker-6" daemon [_thread_blocked, id=5885, stack(0x00007f47474fc000,0x00007f47475fd000)]
  0x00007f47c063d000 JavaThread "FXConnector.SubWindowChecker.StageID [appID=0, stageID=1749031002, name=null]" daemon [_thread_blocked, id=5350, stack(0x00007f4747dfe000,0x00007f4747eff000)]
  0x00007f4700333800 JavaThread "DefaultDispatcher-worker-5" daemon [_thread_in_native, id=5349, stack(0x00007f4747eff000,0x00007f4748000000)]
  0x00007f47c0370000 JavaThread "FXConnector.SubWindowChecker.StageID [appID=0, stageID=681762143, name=null]" daemon [_thread_blocked, id=5020, stack(0x00007f47546ff000,0x00007f4754800000)]
  0x00007f47a6059000 JavaThread "DefaultDispatcher-worker-4" daemon [_thread_blocked, id=5019, stack(0x00007f47cca23000,0x00007f47ccb24000)]
  0x00007f47c06cd800 JavaThread "AWT-XAWT" daemon [_thread_blocked, id=3236, stack(0x00007f4744740000,0x00007f4744841000)]
  0x00007f47a4e4d800 JavaThread "Java2D Disposer" daemon [_thread_blocked, id=3235, stack(0x00007f4744a41000,0x00007f4744b42000)]
  0x00007f47c06ef800 JavaThread "FXConnector.SubWindowChecker.StageID [appID=0, stageID=1394717032, name=null]" daemon [_thread_blocked, id=3227, stack(0x00007f47a004b000,0x00007f47a014c000)]
  0x00007f47a40d3000 JavaThread "JavaCPP Deallocator" daemon [_thread_blocked, id=3226, stack(0x00007f47a1294000,0x00007f47a1395000)]
  0x00007f47c05c2800 JavaThread "Disposer" daemon [_thread_blocked, id=3225, stack(0x00007f47a1efe000,0x00007f47a1fff000)]
  0x00007f47a4002000 JavaThread "DefaultDispatcher-worker-3" daemon [_thread_blocked, id=3222, stack(0x00007f47cc6be000,0x00007f47cc7bf000)]
  0x00007f47c0445000 JavaThread "DefaultDispatcher-worker-2" daemon [_thread_blocked, id=3221, stack(0x00007f47cc7bf000,0x00007f47cc8c0000)]
  0x00007f47c0433000 JavaThread "DefaultDispatcher-worker-1" daemon [_thread_blocked, id=3220, stack(0x00007f47cc8c0000,0x00007f47cc9c1000)]
  0x00007f47c03ec000 JavaThread "Prism Font Disposer" daemon [_thread_blocked, id=3219, stack(0x00007f47ccf86000,0x00007f47cd087000)]
  0x00007f47f0001000 JavaThread "Attach Listener" daemon [_thread_blocked, id=3218, stack(0x00007f47cd756000,0x00007f47cd857000)]
  0x00007f483ca3d800 JavaThread "JavaFX-Launcher" [_thread_blocked, id=3214, stack(0x00007f47ce152000,0x00007f47ce253000)]
=>0x00007f483ca38000 JavaThread "JavaFX Application Thread" [_thread_in_native, id=3211, stack(0x00007f47e4031000,0x00007f47e4132000)]
  0x00007f483ca34000 JavaThread "Thread-1" daemon [_thread_blocked, id=3210, stack(0x00007f47e4132000,0x00007f47e4233000)]
  0x00007f483c8f6000 JavaThread "Service Thread" daemon [_thread_blocked, id=3206, stack(0x00007f47ec9e3000,0x00007f47ecae4000)]
  0x00007f483c8f2800 JavaThread "C1 CompilerThread3" daemon [_thread_blocked, id=3205, stack(0x00007f47efcfe000,0x00007f47efdfe000)]
  0x00007f483c8f0800 JavaThread "C2 CompilerThread2" daemon [_thread_blocked, id=3204, stack(0x00007f47efdff000,0x00007f47efeff000)]
  0x00007f483c8ee800 JavaThread "C2 CompilerThread1" daemon [_thread_in_native, id=3203, stack(0x00007f47e7f00000,0x00007f47e8000000)]
  0x00007f483c8ec800 JavaThread "C2 CompilerThread0" daemon [_thread_blocked, id=3202, stack(0x00007f47eff00000,0x00007f47f0000000)]
  0x00007f483c8eb000 JavaThread "Monitor Ctrl-Break" daemon [_thread_in_native, id=3201, stack(0x00007f4808078000,0x00007f4808179000)]
  0x00007f483c211800 JavaThread "Signal Dispatcher" daemon [_thread_blocked, id=3200, stack(0x00007f4828203000,0x00007f4828304000)]
  0x00007f483c1dd800 JavaThread "Finalizer" daemon [_thread_blocked, id=3192, stack(0x00007f4828874000,0x00007f4828975000)]
  0x00007f483c1db000 JavaThread "Reference Handler" daemon [_thread_blocked, id=3190, stack(0x00007f4828975000,0x00007f4828a76000)]
  0x00007f483c00a800 JavaThread "main" [_thread_blocked, id=3167, stack(0x00007f484006c000,0x00007f484016c000)]

Other Threads:
  0x00007f483c1d1800 VMThread [stack: 0x00007f4828a77000,0x00007f4828b77000] [id=3187]
  0x00007f483c8f8800 WatcherThread [stack: 0x00007f47ec8e3000,0x00007f47ec9e3000] [id=3207]

VM state:not at safepoint (normal execution)

VM Mutex/Monitor currently owned by a thread: None

heap address: 0x0000000084c00000, size: 1972 MB, Compressed Oops mode: 32-bit
Narrow klass base: 0x0000000000000000, Narrow klass shift: 3
Compressed class space size: 1073741824 Address: 0x0000000100000000

Heap:
 PSYoungGen      total 614912K, used 532852K [0x00000000d6f00000, 0x0000000100000000, 0x0000000100000000)
  eden space 557056K, 95% used [0x00000000d6f00000,0x00000000f775d220,0x00000000f8f00000)
  from space 57856K, 0% used [0x00000000f8f00000,0x00000000f8f00000,0x00000000fc780000)
  to   space 57344K, 0% used [0x00000000fc800000,0x00000000fc800000,0x0000000100000000)
 ParOldGen       total 322560K, used 127887K [0x0000000084c00000, 0x0000000098700000, 0x00000000d6f00000)
  object space 322560K, 39% used [0x0000000084c00000,0x000000008c8e3d38,0x0000000098700000)
 Metaspace       used 32355K, capacity 34284K, committed 34560K, reserved 1079296K
  class space    used 4275K, capacity 4569K, committed 4608K, reserved 1048576K

Card table byte_map: [0x00007f482c000000,0x00007f482c3db000] byte_map_base: 0x00007f482bbda000

Marking Bits: (ParMarkBitMap*) 0x00007f48412c4d80
 Begin Bits: [0x00007f4808260000, 0x00007f480a130000)
 End Bits:   [0x00007f480a130000, 0x00007f480c000000)

Polling page: 0x00007f4841737000

CodeCache: size=245760Kb used=19828Kb max_used=20032Kb free=225931Kb
 bounds [0x00007f482c79b000, 0x00007f482db6b000, 0x00007f483b79b000]
 total_blobs=6881 nmethods=6013 adapters=780
 compilation: enabled

Compilation events (10 events):
Event: 1261,258 Thread 0x00007f483c8f2800 nmethod 6989 0x00007f482db4f590 code [0x00007f482db50020, 0x00007f482db59d78]
Event: 1261,258 Thread 0x00007f483c8f2800 6990       3       java.io.OutputStream::<init> (5 bytes)
Event: 1261,258 Thread 0x00007f483c8f2800 nmethod 6990 0x00007f482c8d4c50 code [0x00007f482c8d4dc0, 0x00007f482c8d4f70]
Event: 1261,560 Thread 0x00007f483c8f0800 6991       4       com.sun.prism.impl.BaseTexture::lock (9 bytes)
Event: 1261,560 Thread 0x00007f483c8f0800 nmethod 6991 0x00007f482c9c7950 code [0x00007f482c9c7aa0, 0x00007f482c9c7b18]
Event: 1261,560 Thread 0x00007f483c8ee800 6992   !   4       java.io.PrintStream::write (69 bytes)
Event: 1261,561 Thread 0x00007f483c8f2800 6993       3       java.io.PrintStream::print (13 bytes)
Event: 1261,561 Thread 0x00007f483c8ec800 6994       4       sun.nio.cs.StreamEncoder::ensureOpen (18 bytes)
Event: 1261,561 Thread 0x00007f483c8f2800 nmethod 6993 0x00007f482ce6dcd0 code [0x00007f482ce6de40, 0x00007f482ce6e008]
Event: 1261,561 Thread 0x00007f483c8ec800 nmethod 6994 0x00007f482d1b0c50 code [0x00007f482d1b0da0, 0x00007f482d1b0e18]

GC Heap History (10 events):
Event: 825,457 GC heap before
{Heap before GC invocations=93 (full 13):
 PSYoungGen      total 610816K, used 573452K [0x00000000d6f00000, 0x00000000ffe00000, 0x0000000100000000)
  eden space 554496K, 98% used [0x00000000d6f00000,0x00000000f8515c40,0x00000000f8c80000)
  from space 56320K, 47% used [0x00000000f8c80000,0x00000000fa66d440,0x00000000fc380000)
  to   space 54272K, 0% used [0x00000000fc900000,0x00000000fc900000,0x00000000ffe00000)
 ParOldGen       total 263168K, used 186480K [0x0000000084c00000, 0x0000000094d00000, 0x00000000d6f00000)
  object space 263168K, 70% used [0x0000000084c00000,0x000000009021c008,0x0000000094d00000)
 Metaspace       used 32191K, capacity 34080K, committed 34304K, reserved 1079296K
  class space    used 4266K, capacity 4567K, committed 4608K, reserved 1048576K
Event: 825,466 GC heap after
Heap after GC invocations=93 (full 13):
 PSYoungGen      total 614400K, used 32656K [0x00000000d6f00000, 0x00000000ffc00000, 0x0000000100000000)
  eden space 562176K, 0% used [0x00000000d6f00000,0x00000000d6f00000,0x00000000f9400000)
  from space 52224K, 62% used [0x00000000fc900000,0x00000000fe8e4040,0x00000000ffc00000)
  to   space 53248K, 0% used [0x00000000f9400000,0x00000000f9400000,0x00000000fc800000)
 ParOldGen       total 263168K, used 186480K [0x0000000084c00000, 0x0000000094d00000, 0x00000000d6f00000)
  object space 263168K, 70% used [0x0000000084c00000,0x000000009021c008,0x0000000094d00000)
 Metaspace       used 32191K, capacity 34080K, committed 34304K, reserved 1079296K
  class space    used 4266K, capacity 4567K, committed 4608K, reserved 1048576K
}
Event: 1235,496 GC heap before
{Heap before GC invocations=94 (full 13):
 PSYoungGen      total 614400K, used 593838K [0x00000000d6f00000, 0x00000000ffc00000, 0x0000000100000000)
  eden space 562176K, 99% used [0x00000000d6f00000,0x00000000f9307948,0x00000000f9400000)
  from space 52224K, 62% used [0x00000000fc900000,0x00000000fe8e4040,0x00000000ffc00000)
  to   space 53248K, 0% used [0x00000000f9400000,0x00000000f9400000,0x00000000fc800000)
 ParOldGen       total 263168K, used 186480K [0x0000000084c00000, 0x0000000094d00000, 0x00000000d6f00000)
  object space 263168K, 70% used [0x0000000084c00000,0x000000009021c008,0x0000000094d00000)
 Metaspace       used 32275K, capacity 34144K, committed 34304K, reserved 1079296K
  class space    used 4266K, capacity 4567K, committed 4608K, reserved 1048576K
Event: 1235,530 GC heap after
Heap after GC invocations=94 (full 13):
 PSYoungGen      total 615424K, used 38937K [0x00000000d6f00000, 0x0000000100000000, 0x0000000100000000)
  eden space 562176K, 0% used [0x00000000d6f00000,0x00000000d6f00000,0x00000000f9400000)
  from space 53248K, 73% used [0x00000000f9400000,0x00000000fba06460,0x00000000fc800000)
  to   space 54272K, 0% used [0x00000000fcb00000,0x00000000fcb00000,0x0000000100000000)
 ParOldGen       total 263168K, used 186488K [0x0000000084c00000, 0x0000000094d00000, 0x00000000d6f00000)
  object space 263168K, 70% used [0x0000000084c00000,0x000000009021e008,0x0000000094d00000)
 Metaspace       used 32275K, capacity 34144K, committed 34304K, reserved 1079296K
  class space    used 4266K, capacity 4567K, committed 4608K, reserved 1048576K
}
Event: 1237,494 GC heap before
{Heap before GC invocations=95 (full 13):
 PSYoungGen      total 615424K, used 600662K [0x00000000d6f00000, 0x0000000100000000, 0x0000000100000000)
  eden space 562176K, 99% used [0x00000000d6f00000,0x00000000f938f400,0x00000000f9400000)
  from space 53248K, 73% used [0x00000000f9400000,0x00000000fba06460,0x00000000fc800000)
  to   space 54272K, 0% used [0x00000000fcb00000,0x00000000fcb00000,0x0000000100000000)
 ParOldGen       total 263168K, used 186488K [0x0000000084c00000, 0x0000000094d00000, 0x00000000d6f00000)
  object space 263168K, 70% used [0x0000000084c00000,0x000000009021e008,0x0000000094d00000)
 Metaspace       used 32275K, capacity 34144K, committed 34304K, reserved 1079296K
  class space    used 4266K, capacity 4567K, committed 4608K, reserved 1048576K
Event: 1237,536 GC heap after
Heap after GC invocations=95 (full 13):
 PSYoungGen      total 611328K, used 46973K [0x00000000d6f00000, 0x0000000100000000, 0x0000000100000000)
  eden space 557056K, 0% used [0x00000000d6f00000,0x00000000d6f00000,0x00000000f8f00000)
  from space 54272K, 86% used [0x00000000fcb00000,0x00000000ff8df470,0x0000000100000000)
  to   space 57856K, 0% used [0x00000000f8f00000,0x00000000f8f00000,0x00000000fc780000)
 ParOldGen       total 263168K, used 186488K [0x0000000084c00000, 0x0000000094d00000, 0x00000000d6f00000)
  object space 263168K, 70% used [0x0000000084c00000,0x000000009021e008,0x0000000094d00000)
 Metaspace       used 32275K, capacity 34144K, committed 34304K, reserved 1079296K
  class space    used 4266K, capacity 4567K, committed 4608K, reserved 1048576K
}
Event: 1239,459 GC heap before
{Heap before GC invocations=96 (full 13):
 PSYoungGen      total 611328K, used 600125K [0x00000000d6f00000, 0x0000000100000000, 0x0000000100000000)
  eden space 557056K, 99% used [0x00000000d6f00000,0x00000000f8b30190,0x00000000f8f00000)
  from space 54272K, 86% used [0x00000000fcb00000,0x00000000ff8df470,0x0000000100000000)
  to   space 57856K, 0% used [0x00000000f8f00000,0x00000000f8f00000,0x00000000fc780000)
 ParOldGen       total 263168K, used 192563K [0x0000000084c00000, 0x0000000094d00000, 0x00000000d6f00000)
  object space 263168K, 73% used [0x0000000084c00000,0x000000009080cc18,0x0000000094d00000)
 Metaspace       used 32275K, capacity 34144K, committed 34304K, reserved 1079296K
  class space    used 4266K, capacity 4567K, committed 4608K, reserved 1048576K
Event: 1239,476 GC heap after
Heap after GC invocations=96 (full 13):
 PSYoungGen      total 614912K, used 20648K [0x00000000d6f00000, 0x0000000100000000, 0x0000000100000000)
  eden space 557056K, 0% used [0x00000000d6f00000,0x00000000d6f00000,0x00000000f8f00000)
  from space 57856K, 35% used [0x00000000f8f00000,0x00000000fa32a030,0x00000000fc780000)
  to   space 57344K, 0% used [0x00000000fc800000,0x00000000fc800000,0x0000000100000000)
 ParOldGen       total 263168K, used 192563K [0x0000000084c00000, 0x0000000094d00000, 0x00000000d6f00000)
  object space 263168K, 73% used [0x0000000084c00000,0x000000009080cc18,0x0000000094d00000)
 Metaspace       used 32275K, capacity 34144K, committed 34304K, reserved 1079296K
  class space    used 4266K, capacity 4567K, committed 4608K, reserved 1048576K
}
Event: 1251,301 GC heap before
{Heap before GC invocations=97 (full 14):
 PSYoungGen      total 614912K, used 577704K [0x00000000d6f00000, 0x0000000100000000, 0x0000000100000000)
  eden space 557056K, 100% used [0x00000000d6f00000,0x00000000f8f00000,0x00000000f8f00000)
  from space 57856K, 35% used [0x00000000f8f00000,0x00000000fa32a030,0x00000000fc780000)
  to   space 57344K, 0% used [0x00000000fc800000,0x00000000fc800000,0x0000000100000000)
 ParOldGen       total 398336K, used 395065K [0x0000000084c00000, 0x000000009d100000, 0x00000000d6f00000)
  object space 398336K, 99% used [0x0000000084c00000,0x000000009cdce7b8,0x000000009d100000)
 Metaspace       used 32275K, capacity 34144K, committed 34304K, reserved 1079296K
  class space    used 4266K, capacity 4567K, committed 4608K, reserved 1048576K
Event: 1254,053 GC heap after
Heap after GC invocations=97 (full 14):
 PSYoungGen      total 614912K, used 0K [0x00000000d6f00000, 0x0000000100000000, 0x0000000100000000)
  eden space 557056K, 0% used [0x00000000d6f00000,0x00000000d6f00000,0x00000000f8f00000)
  from space 57856K, 0% used [0x00000000f8f00000,0x00000000f8f00000,0x00000000fc780000)
  to   space 57344K, 0% used [0x00000000fc800000,0x00000000fc800000,0x0000000100000000)
 ParOldGen       total 322560K, used 127887K [0x0000000084c00000, 0x0000000098700000, 0x00000000d6f00000)
  object space 322560K, 39% used [0x0000000084c00000,0x000000008c8e3d38,0x0000000098700000)
 Metaspace       used 32275K, capacity 34144K, committed 34304K, reserved 1079296K
  class space    used 4266K, capacity 4567K, committed 4608K, reserved 1048576K
}

Deoptimization events (10 events):
Event: 1261,238 Thread 0x00007f46b4005000 Uncommon trap: reason=speculate_class_check action=maybe_recompile pc=0x00007f482d2ffff8 method=java.nio.charset.CharsetEncoder.encode(Ljava/nio/CharBuffer;Ljava/nio/ByteBuffer;Z)Ljava/nio/charset/CoderResult; @ 57
Event: 1261,238 Thread 0x00007f46b4005000 Uncommon trap: reason=class_check action=maybe_recompile pc=0x00007f482ccc79ac method=sun.nio.cs.StreamEncoder.writeBytes()V @ 120
Event: 1261,259 Thread 0x00007f46b4007000 Uncommon trap: reason=speculate_class_check action=maybe_recompile pc=0x00007f482d2ffff8 method=java.nio.charset.CharsetEncoder.encode(Ljava/nio/CharBuffer;Ljava/nio/ByteBuffer;Z)Ljava/nio/charset/CoderResult; @ 57
Event: 1261,259 Thread 0x00007f46b4007000 Uncommon trap: reason=class_check action=maybe_recompile pc=0x00007f482ccc79ac method=sun.nio.cs.StreamEncoder.writeBytes()V @ 120
Event: 1261,259 Thread 0x00007f46b4009000 Uncommon trap: reason=speculate_class_check action=maybe_recompile pc=0x00007f482d2ffff8 method=java.nio.charset.CharsetEncoder.encode(Ljava/nio/CharBuffer;Ljava/nio/ByteBuffer;Z)Ljava/nio/charset/CoderResult; @ 57
Event: 1261,259 Thread 0x00007f46b400d000 Uncommon trap: reason=speculate_class_check action=maybe_recompile pc=0x00007f482d2ffff8 method=java.nio.charset.CharsetEncoder.encode(Ljava/nio/CharBuffer;Ljava/nio/ByteBuffer;Z)Ljava/nio/charset/CoderResult; @ 57
Event: 1261,259 Thread 0x00007f46b4009000 Uncommon trap: reason=class_check action=maybe_recompile pc=0x00007f482ccc79ac method=sun.nio.cs.StreamEncoder.writeBytes()V @ 120
Event: 1261,260 Thread 0x00007f46b400f000 Uncommon trap: reason=speculate_class_check action=maybe_recompile pc=0x00007f482d2ffff8 method=java.nio.charset.CharsetEncoder.encode(Ljava/nio/CharBuffer;Ljava/nio/ByteBuffer;Z)Ljava/nio/charset/CoderResult; @ 57
Event: 1261,560 Thread 0x00007f483c9cc000 Uncommon trap: reason=unstable_if action=reinterpret pc=0x00007f482d2b14a8 method=com.sun.javafx.tk.quantum.QuantumToolkit.postPulse()V @ 7
Event: 1261,560 Thread 0x00007f483ca38000 Uncommon trap: reason=unstable_if action=reinterpret pc=0x00007f482d807428 method=java.util.HashMap$HashIterator.<init>(Ljava/util/HashMap;)V @ 45

Classes redefined (0 events):
No events

Internal exceptions (10 events):
Event: 1,837 Thread 0x00007f483ca38000 Implicit null exception at 0x00007f482cc1b2cf to 0x00007f482cc1b849
Event: 4,475 Thread 0x00007f483ca38000 Exception <a 'java/lang/ArrayIndexOutOfBoundsException'> (0x00000000d76492f8) thrown at [/HUDSON/workspace/8-2-build-linux-amd64/jdk8u201/12317/hotspot/src/share/vm/runtime/sharedRuntime.cpp, line 605]
Event: 4,478 Thread 0x00007f483ca38000 Exception <a 'java/lang/ArrayIndexOutOfBoundsException'> (0x00000000d7688fb8) thrown at [/HUDSON/workspace/8-2-build-linux-amd64/jdk8u201/12317/hotspot/src/share/vm/runtime/sharedRuntime.cpp, line 605]
Event: 4,478 Thread 0x00007f483ca38000 Exception <a 'java/lang/ArrayIndexOutOfBoundsException'> (0x00000000d768a1a0) thrown at [/HUDSON/workspace/8-2-build-linux-amd64/jdk8u201/12317/hotspot/src/share/vm/runtime/sharedRuntime.cpp, line 605]
Event: 4,478 Thread 0x00007f483ca38000 Exception <a 'java/lang/ArrayIndexOutOfBoundsException'> (0x00000000d768cb08) thrown at [/HUDSON/workspace/8-2-build-linux-amd64/jdk8u201/12317/hotspot/src/share/vm/runtime/sharedRuntime.cpp, line 605]
Event: 4,864 Thread 0x00007f483ca38000 Implicit null exception at 0x00007f482c9e4d75 to 0x00007f482c9e5125
Event: 5,323 Thread 0x00007f47c0433000 Exception <a 'java/io/FileNotFoundException'> (0x00000000d8c19c70) thrown at [/HUDSON/workspace/8-2-build-linux-amd64/jdk8u201/12317/hotspot/src/share/vm/prims/jni.cpp, line 709]
Event: 5,323 Thread 0x00007f47c0433000 Exception <a 'java/io/FileNotFoundException'> (0x00000000d8c1a670) thrown at [/HUDSON/workspace/8-2-build-linux-amd64/jdk8u201/12317/hotspot/src/share/vm/prims/jni.cpp, line 709]
Event: 461,125 Thread 0x00007f483c9cc000 Implicit null exception at 0x00007f482d2fabec to 0x00007f482d2fac31
Event: 1261,251 Thread 0x00007f46b400b000 Exception <a 'java/lang/IllegalStateException'> (0x00000000f7366968) thrown at [/HUDSON/workspace/8-2-build-linux-amd64/jdk8u201/12317/hotspot/src/share/vm/prims/jvm.cpp, line 1506]

Events (10 events):
Event: 1261,560 Thread 0x00007f483c9cc000 DEOPT PACKING pc=0x00007f482d2b14a8 sp=0x00007f47ec84a5f0
Event: 1261,560 Thread 0x00007f483c9cc000 DEOPT UNPACKING pc=0x00007f482c7e073a sp=0x00007f47ec84a5f0 mode 2
Event: 1261,560 Thread 0x00007f483c9cc000 Thread exited: 0x00007f483c9cc000
Event: 1261,560 Thread 0x00007f483ca38000 Uncommon trap: trap_request=0xffffff65 fr.pc=0x00007f482d807428
Event: 1261,560 Thread 0x00007f483ca38000 DEOPT PACKING pc=0x00007f482d807428 sp=0x00007f47e412e930
Event: 1261,560 Thread 0x00007f483ca38000 DEOPT UNPACKING pc=0x00007f482c7e073a sp=0x00007f47e412e900 mode 2
Event: 1261,560 loading class java/lang/Throwable$WrappedPrintStream
Event: 1261,560 loading class java/lang/Throwable$PrintStreamOrWriter
Event: 1261,560 loading class java/lang/Throwable$PrintStreamOrWriter done
Event: 1261,560 loading class java/lang/Throwable$WrappedPrintStream done


Dynamic libraries:
00400000-00401000 r-xp 00000000 103:05 939068                            /home/eugene/Downloads/jdk1.8.0_201/bin/java
00600000-00601000 r--p 00000000 103:05 939068                            /home/eugene/Downloads/jdk1.8.0_201/bin/java
00601000-00602000 rw-p 00001000 103:05 939068                            /home/eugene/Downloads/jdk1.8.0_201/bin/java
024f4000-02536000 rw-p 00000000 00:00 0                                  [heap]
84c00000-98700000 rw-p 00000000 00:00 0 
98700000-d6f00000 ---p 00000000 00:00 0 
d6f00000-100000000 rw-p 00000000 00:00 0 
100000000-100480000 rw-p 00000000 00:00 0 
100480000-140000000 ---p 00000000 00:00 0 
7f2800000000-7f3000000000 rw-p 00000000 00:00 0 
7f3000000000-7f3000003000 rw-p 00000000 00:00 0 
7f3000003000-7f30000db000 rw-p 00000000 00:00 0 
7f30000db000-7f3000100000 rw-p 00000000 00:00 0 
7f3000100000-7f3800000000 rw-p 00000000 00:00 0 
7f3800000000-7f4000000000 ---p 00000000 00:00 0 
7f46a4000000-7f46a4021000 rw-p 00000000 00:00 0 
7f46a4021000-7f46a8000000 ---p 00000000 00:00 0 
7f46a8000000-7f46a8021000 rw-p 00000000 00:00 0 
7f46a8021000-7f46ac000000 ---p 00000000 00:00 0 
7f46ac000000-7f46ac021000 rw-p 00000000 00:00 0 
7f46ac021000-7f46b0000000 ---p 00000000 00:00 0 
7f46b0000000-7f46b0021000 rw-p 00000000 00:00 0 
7f46b0021000-7f46b4000000 ---p 00000000 00:00 0 
7f46b4000000-7f46b4021000 rw-p 00000000 00:00 0 
7f46b4021000-7f46b8000000 ---p 00000000 00:00 0 
7f46b8000000-7f46b8021000 rw-p 00000000 00:00 0 
7f46b8021000-7f46bc000000 ---p 00000000 00:00 0 
7f46bc000000-7f46bfbe0000 rw-p 00000000 00:00 0 
7f46bfbe0000-7f46c0000000 ---p 00000000 00:00 0 
7f46c0000000-7f46c3024000 rw-p 00000000 00:00 0 
7f46c3024000-7f46c4000000 ---p 00000000 00:00 0 
7f46c4000000-7f46c4021000 rw-p 00000000 00:00 0 
7f46c4021000-7f46c8000000 ---p 00000000 00:00 0 
7f46c8000000-7f46c8021000 rw-p 00000000 00:00 0 
7f46c8021000-7f46cc000000 ---p 00000000 00:00 0 
7f46cc000000-7f46cfbfa000 rw-p 00000000 00:00 0 
7f46cfbfa000-7f46d0000000 ---p 00000000 00:00 0 
7f46d0000000-7f46d0021000 rw-p 00000000 00:00 0 
7f46d0021000-7f46d4000000 ---p 00000000 00:00 0 
7f46d4000000-7f46d4021000 rw-p 00000000 00:00 0 
7f46d4021000-7f46d8000000 ---p 00000000 00:00 0 
7f46dc000000-7f46dff10000 rw-p 00000000 00:00 0 
7f46dff10000-7f46e0000000 ---p 00000000 00:00 0 
7f46e0000000-7f46e0021000 rw-p 00000000 00:00 0 
7f46e0021000-7f46e4000000 ---p 00000000 00:00 0 
7f46e4000000-7f46e4021000 rw-p 00000000 00:00 0 
7f46e4021000-7f46e8000000 ---p 00000000 00:00 0 
7f46e8000000-7f46e8021000 rw-p 00000000 00:00 0 
7f46e8021000-7f46ec000000 ---p 00000000 00:00 0 
7f46ec000000-7f46efc59000 rw-p 00000000 00:00 0 
7f46efc59000-7f46f0000000 ---p 00000000 00:00 0 
7f46f0000000-7f46f0021000 rw-p 00000000 00:00 0 
7f46f0021000-7f46f4000000 ---p 00000000 00:00 0 
7f46f4000000-7f46f4021000 rw-p 00000000 00:00 0 
7f46f4021000-7f46f8000000 ---p 00000000 00:00 0 
7f46f8000000-7f46f8021000 rw-p 00000000 00:00 0 
7f46f8021000-7f46fc000000 ---p 00000000 00:00 0 
7f46fc000000-7f46ffca1000 rw-p 00000000 00:00 0 
7f46ffca1000-7f4700000000 ---p 00000000 00:00 0 
7f4700000000-7f4703c28000 rw-p 00000000 00:00 0 
7f4703c28000-7f4704000000 ---p 00000000 00:00 0 
7f4704000000-7f4707ba9000 rw-p 00000000 00:00 0 
7f4707ba9000-7f4708000000 ---p 00000000 00:00 0 
7f4708000000-7f470bb54000 rw-p 00000000 00:00 0 
7f470bb54000-7f470c000000 ---p 00000000 00:00 0 
7f470c000000-7f470c021000 rw-p 00000000 00:00 0 
7f470c021000-7f4710000000 ---p 00000000 00:00 0 
7f4710000000-7f4710021000 rw-p 00000000 00:00 0 
7f4710021000-7f4714000000 ---p 00000000 00:00 0 
7f4714000000-7f4714021000 rw-p 00000000 00:00 0 
7f4714021000-7f4718000000 ---p 00000000 00:00 0 
7f47197fb000-7f47197fc000 ---p 00000000 00:00 0 
7f47197fc000-7f4719ffc000 rw-p 00000000 00:00 0 
7f4719ffc000-7f4719ffd000 ---p 00000000 00:00 0 
7f4719ffd000-7f471a7fd000 rw-p 00000000 00:00 0 
7f471a7fd000-7f471a7fe000 ---p 00000000 00:00 0 
7f471a7fe000-7f471affe000 rw-p 00000000 00:00 0 
7f471affe000-7f471afff000 ---p 00000000 00:00 0 
7f471afff000-7f471b7ff000 rw-p 00000000 00:00 0 
7f471b7ff000-7f471b800000 ---p 00000000 00:00 0 
7f471b800000-7f471c000000 rw-p 00000000 00:00 0 
7f471c000000-7f471c021000 rw-p 00000000 00:00 0 
7f471c021000-7f4720000000 ---p 00000000 00:00 0 
7f4720000000-7f4720030000 rw-p 00000000 00:00 0 
7f4720030000-7f4724000000 ---p 00000000 00:00 0 
7f4724000000-7f4724021000 rw-p 00000000 00:00 0 
7f4724021000-7f4728000000 ---p 00000000 00:00 0 
7f4728000000-7f4728021000 rw-p 00000000 00:00 0 
7f4728021000-7f472c000000 ---p 00000000 00:00 0 
7f472c000000-7f472c021000 rw-p 00000000 00:00 0 
7f472c021000-7f4730000000 ---p 00000000 00:00 0 
7f4730000000-7f4733ad1000 rw-p 00000000 00:00 0 
7f4733ad1000-7f4734000000 ---p 00000000 00:00 0 
7f4734000000-7f4734021000 rw-p 00000000 00:00 0 
7f4734021000-7f4738000000 ---p 00000000 00:00 0 
7f4738000000-7f4738021000 rw-p 00000000 00:00 0 
7f4738021000-7f473c000000 ---p 00000000 00:00 0 
7f473c000000-7f473c021000 rw-p 00000000 00:00 0 
7f473c021000-7f4740000000 ---p 00000000 00:00 0 
7f4740000000-7f4740437000 rw-p 00000000 00:00 0 
7f4740437000-7f4744000000 ---p 00000000 00:00 0 
7f4744740000-7f4744743000 ---p 00000000 00:00 0 
7f4744743000-7f4744a41000 rw-p 00000000 00:00 0 
7f4744a41000-7f4744a44000 ---p 00000000 00:00 0 
7f4744a44000-7f4744b42000 rw-p 00000000 00:00 0 
7f4744b42000-7f4744b9f000 r-xp 00000000 103:05 940578                    /home/eugene/Downloads/jdk1.8.0_201/jre/lib/amd64/libfontmanager.so
7f4744b9f000-7f4744d9f000 ---p 0005d000 103:05 940578                    /home/eugene/Downloads/jdk1.8.0_201/jre/lib/amd64/libfontmanager.so
7f4744d9f000-7f4744da2000 r--p 0005d000 103:05 940578                    /home/eugene/Downloads/jdk1.8.0_201/jre/lib/amd64/libfontmanager.so
7f4744da2000-7f4744da3000 rw-p 00060000 103:05 940578                    /home/eugene/Downloads/jdk1.8.0_201/jre/lib/amd64/libfontmanager.so
7f4744da3000-7f4744df6000 r-xp 00000000 103:05 940605                    /home/eugene/Downloads/jdk1.8.0_201/jre/lib/amd64/libawt_xawt.so
7f4744df6000-7f4744ff5000 ---p 00053000 103:05 940605                    /home/eugene/Downloads/jdk1.8.0_201/jre/lib/amd64/libawt_xawt.so
7f4744ff5000-7f4744ff6000 r--p 00052000 103:05 940605                    /home/eugene/Downloads/jdk1.8.0_201/jre/lib/amd64/libawt_xawt.so
7f4744ff6000-7f4744ff9000 rw-p 00053000 103:05 940605                    /home/eugene/Downloads/jdk1.8.0_201/jre/lib/amd64/libawt_xawt.so
7f4744ff9000-7f4744ffa000 rw-p 00000000 00:00 0 
7f47451f5000-7f47451f8000 ---p 00000000 00:00 0 
7f47451f8000-7f47452f6000 rw-p 00000000 00:00 0 
7f47452f6000-7f47452f9000 ---p 00000000 00:00 0 
7f47452f9000-7f47453f7000 rw-p 00000000 00:00 0 
7f47453f7000-7f47453fa000 ---p 00000000 00:00 0 
7f47453fa000-7f47454f8000 rw-p 00000000 00:00 0 
7f47454f8000-7f47454fb000 ---p 00000000 00:00 0 
7f47454fb000-7f47455f9000 rw-p 00000000 00:00 0 
7f47455f9000-7f47455fa000 ---p 00000000 00:00 0 
7f47455fa000-7f4745dfa000 rw-p 00000000 00:00 0 
7f4745dfa000-7f4745dfb000 ---p 00000000 00:00 0 
7f4745dfb000-7f47465fb000 rw-p 00000000 00:00 0 
7f47466f5000-7f47466f8000 ---p 00000000 00:00 0 
7f47466f8000-7f47467f6000 rw-p 00000000 00:00 0 
7f47467f6000-7f47467f9000 ---p 00000000 00:00 0 
7f47467f9000-7f47468f7000 rw-p 00000000 00:00 0 
7f47468f7000-7f47468fa000 ---p 00000000 00:00 0 
7f47468fa000-7f47469f8000 rw-p 00000000 00:00 0 
7f47469f8000-7f47469fb000 ---p 00000000 00:00 0 
7f47469fb000-7f4746af9000 rw-p 00000000 00:00 0 
7f4746af9000-7f4746afa000 ---p 00000000 00:00 0 
7f4746afa000-7f47472fa000 rw-p 00000000 00:00 0 
7f47472fa000-7f47472fd000 ---p 00000000 00:00 0 
7f47472fd000-7f47473fb000 rw-p 00000000 00:00 0 
7f47473fb000-7f47473fe000 ---p 00000000 00:00 0 
7f47473fe000-7f47474fc000 rw-p 00000000 00:00 0 
7f47474fc000-7f47474ff000 ---p 00000000 00:00 0 
7f47474ff000-7f47475fd000 rw-p 00000000 00:00 0 
7f47476f7000-7f47476fa000 ---p 00000000 00:00 0 
7f47476fa000-7f47477f8000 rw-p 00000000 00:00 0 
7f47477f8000-7f47477fb000 ---p 00000000 00:00 0 
7f47477fb000-7f47478f9000 rw-p 00000000 00:00 0 
7f47478f9000-7f47478fc000 ---p 00000000 00:00 0 
7f47478fc000-7f47479fa000 rw-p 00000000 00:00 0 
7f47479fa000-7f47479fd000 ---p 00000000 00:00 0 
7f47479fd000-7f4747afb000 rw-p 00000000 00:00 0 
7f4747afb000-7f4747afe000 ---p 00000000 00:00 0 
7f4747afe000-7f4747bfc000 rw-p 00000000 00:00 0 
7f4747bfc000-7f4747bff000 ---p 00000000 00:00 0 
7f4747bff000-7f4747cfd000 rw-p 00000000 00:00 0 
7f4747cfd000-7f4747d00000 ---p 00000000 00:00 0 
7f4747d00000-7f4747dfe000 rw-p 00000000 00:00 0 
7f4747dfe000-7f4747e01000 ---p 00000000 00:00 0 
7f4747e01000-7f4747eff000 rw-p 00000000 00:00 0 
7f4747eff000-7f4747f02000 ---p 00000000 00:00 0 
7f4747f02000-7f4748000000 rw-p 00000000 00:00 0 
7f4748000000-7f4748021000 rw-p 00000000 00:00 0 
7f4748021000-7f474c000000 ---p 00000000 00:00 0 
7f474c000000-7f474c021000 rw-p 00000000 00:00 0 
7f474c021000-7f4750000000 ---p 00000000 00:00 0 
7f4750000000-7f4750021000 rw-p 00000000 00:00 0 
7f4750021000-7f4754000000 ---p 00000000 00:00 0 
7f475404e000-7f47540ee000 r-xp 00000000 103:05 940591                    /home/eugene/Downloads/jdk1.8.0_201/jre/lib/amd64/libawt.so
7f47540ee000-7f47542ed000 ---p 000a0000 103:05 940591                    /home/eugene/Downloads/jdk1.8.0_201/jre/lib/amd64/libawt.so
7f47542ed000-7f47542ee000 r--p 0009f000 103:05 940591                    /home/eugene/Downloads/jdk1.8.0_201/jre/lib/amd64/libawt.so
7f47542ee000-7f47542f9000 rw-p 000a0000 103:05 940591                    /home/eugene/Downloads/jdk1.8.0_201/jre/lib/amd64/libawt.so
7f47542f9000-7f475431e000 rw-p 00000000 00:00 0 
7f475433f000-7f47544ff000 rw-s 1004e7000 00:06 343                       /dev/dri/card0
7f47544ff000-7f475463f000 rw-p 00000000 00:00 0 
7f475463f000-7f47546ff000 ---p 00000000 00:00 0 
7f47546ff000-7f4754702000 ---p 00000000 00:00 0 
7f4754702000-7f4754800000 rw-p 00000000 00:00 0 
7f4754800000-7f4754900000 rw-p 00000000 00:00 0 
7f4754a00000-7f4754b00000 rw-p 00000000 00:00 0 
7f4754b1f000-7f4754d1f000 rw-p 00000000 00:00 0 
7f4754d1f000-7f47550a5000 r-xp 00000000 103:05 266739                    /home/eugene/.javacpp/cache/opencv-3.4.3-1.4.3-linux-x86_64.jar/org/bytedeco/javacpp/linux-x86_64/libjniopencv_core.so
7f47550a5000-7f47552a5000 ---p 00386000 103:05 266739                    /home/eugene/.javacpp/cache/opencv-3.4.3-1.4.3-linux-x86_64.jar/org/bytedeco/javacpp/linux-x86_64/libjniopencv_core.so
7f47552a5000-7f47552f9000 r--p 00386000 103:05 266739                    /home/eugene/.javacpp/cache/opencv-3.4.3-1.4.3-linux-x86_64.jar/org/bytedeco/javacpp/linux-x86_64/libjniopencv_core.so
7f47552f9000-7f47552fc000 rw-p 003da000 103:05 266739                    /home/eugene/.javacpp/cache/opencv-3.4.3-1.4.3-linux-x86_64.jar/org/bytedeco/javacpp/linux-x86_64/libjniopencv_core.so
7f47552fc000-7f47552fd000 rw-p 00000000 00:00 0 
7f47552fd000-7f475560c000 r-xp 00000000 103:05 266737                    /home/eugene/.javacpp/cache/opencv-3.4.3-1.4.3-linux-x86_64.jar/org/bytedeco/javacpp/linux-x86_64/libopencv_imgproc.so.3.4
7f475560c000-7f475580c000 ---p 0030f000 103:05 266737                    /home/eugene/.javacpp/cache/opencv-3.4.3-1.4.3-linux-x86_64.jar/org/bytedeco/javacpp/linux-x86_64/libopencv_imgproc.so.3.4
7f475580c000-7f4755816000 r--p 0030f000 103:05 266737                    /home/eugene/.javacpp/cache/opencv-3.4.3-1.4.3-linux-x86_64.jar/org/bytedeco/javacpp/linux-x86_64/libopencv_imgproc.so.3.4
7f4755816000-7f475581f000 rw-p 00319000 103:05 266737                    /home/eugene/.javacpp/cache/opencv-3.4.3-1.4.3-linux-x86_64.jar/org/bytedeco/javacpp/linux-x86_64/libopencv_imgproc.so.3.4
7f475581f000-7f47558be000 rw-p 00000000 00:00 0 
7f47558be000-7f4755b71000 r-xp 00000000 103:05 266735                    /home/eugene/.javacpp/cache/opencv-3.4.3-1.4.3-linux-x86_64.jar/org/bytedeco/javacpp/linux-x86_64/libopencv_core.so.3.4
7f4755b71000-7f4755d70000 ---p 002b3000 103:05 266735                    /home/eugene/.javacpp/cache/opencv-3.4.3-1.4.3-linux-x86_64.jar/org/bytedeco/javacpp/linux-x86_64/libopencv_core.so.3.4
7f4755d70000-7f4755d78000 r--p 002b2000 103:05 266735                    /home/eugene/.javacpp/cache/opencv-3.4.3-1.4.3-linux-x86_64.jar/org/bytedeco/javacpp/linux-x86_64/libopencv_core.so.3.4
7f4755d78000-7f4755d7d000 rw-p 002ba000 103:05 266735                    /home/eugene/.javacpp/cache/opencv-3.4.3-1.4.3-linux-x86_64.jar/org/bytedeco/javacpp/linux-x86_64/libopencv_core.so.3.4
7f4755d7d000-7f4755d82000 rw-p 00000000 00:00 0 
7f4755d82000-7f4757480000 r-xp 00000000 103:05 266729                    /home/eugene/.javacpp/cache/ffmpeg-4.0.2-1.4.3-linux-x86_64.jar/org/bytedeco/javacpp/linux-x86_64/libavcodec.so.58
7f4757480000-7f475767f000 ---p 016fe000 103:05 266729                    /home/eugene/.javacpp/cache/ffmpeg-4.0.2-1.4.3-linux-x86_64.jar/org/bytedeco/javacpp/linux-x86_64/libavcodec.so.58
7f475767f000-7f47576be000 r--p 016fd000 103:05 266729                    /home/eugene/.javacpp/cache/ffmpeg-4.0.2-1.4.3-linux-x86_64.jar/org/bytedeco/javacpp/linux-x86_64/libavcodec.so.58
7f47576be000-7f47576f0000 rw-p 0173c000 103:05 266729                    /home/eugene/.javacpp/cache/ffmpeg-4.0.2-1.4.3-linux-x86_64.jar/org/bytedeco/javacpp/linux-x86_64/libavcodec.so.58
7f47576f0000-7f4757ff2000 rw-p 00000000 00:00 0 
7f4757ff2000-7f4757ff3000 ---p 00000000 00:00 0 
7f4757ff3000-7f4757ff4000 rwxp 00000000 00:00 0 
7f4757ff4000-7f4797ff4000 ---p 00000000 00:00 0 
7f4797ff4000-7f479bdda000 r-xp 00000000 103:05 940577                    /home/eugene/Downloads/jdk1.8.0_201/jre/lib/amd64/libjfxwebkit.so
7f479bdda000-7f479bddb000 ---p 03de6000 103:05 940577                    /home/eugene/Downloads/jdk1.8.0_201/jre/lib/amd64/libjfxwebkit.so
7f479bddb000-7f479bfbc000 r--p 03de6000 103:05 940577                    /home/eugene/Downloads/jdk1.8.0_201/jre/lib/amd64/libjfxwebkit.so
7f479bfbc000-7f479bfd2000 rw-p 03fc7000 103:05 940577                    /home/eugene/Downloads/jdk1.8.0_201/jre/lib/amd64/libjfxwebkit.so
7f479bfd2000-7f479bff8000 rw-p 00000000 00:00 0 
7f479bff8000-7f479bff9000 r--p 00000000 00:00 0 
7f479bff9000-7f479c000000 rw-p 00000000 00:00 0 
7f479c000000-7f479c021000 rw-p 00000000 00:00 0 
7f479c021000-7f47a0000000 ---p 00000000 00:00 0 
7f47a004b000-7f47a004e000 ---p 00000000 00:00 0 
7f47a004e000-7f47a014c000 rw-p 00000000 00:00 0 
7f47a014c000-7f47a0161000 r-xp 00000000 103:05 266705                    /home/eugene/.javacpp/cache/opencv-3.4.3-1.4.3-linux-x86_64.jar/org/bytedeco/javacpp/linux-x86_64/libgomp.so.1
7f47a0161000-7f47a0360000 ---p 00015000 103:05 266705                    /home/eugene/.javacpp/cache/opencv-3.4.3-1.4.3-linux-x86_64.jar/org/bytedeco/javacpp/linux-x86_64/libgomp.so.1
7f47a0360000-7f47a0361000 rw-p 00014000 103:05 266705                    /home/eugene/.javacpp/cache/opencv-3.4.3-1.4.3-linux-x86_64.jar/org/bytedeco/javacpp/linux-x86_64/libgomp.so.1
7f47a0361000-7f47a0561000 rw-p 00000000 00:00 0 
7f47a0561000-7f47a0579000 r-xp 00000000 103:05 264600                    /home/eugene/.javacpp/cache/ffmpeg-4.0.2-1.4.3-linux-x86_64.jar/org/bytedeco/javacpp/linux-x86_64/libjniswscale.so
7f47a0579000-7f47a0778000 ---p 00018000 103:05 264600                    /home/eugene/.javacpp/cache/ffmpeg-4.0.2-1.4.3-linux-x86_64.jar/org/bytedeco/javacpp/linux-x86_64/libjniswscale.so
7f47a0778000-7f47a077b000 r--p 00017000 103:05 264600                    /home/eugene/.javacpp/cache/ffmpeg-4.0.2-1.4.3-linux-x86_64.jar/org/bytedeco/javacpp/linux-x86_64/libjniswscale.so
7f47a077b000-7f47a077c000 rw-p 0001a000 103:05 264600                    /home/eugene/.javacpp/cache/ffmpeg-4.0.2-1.4.3-linux-x86_64.jar/org/bytedeco/javacpp/linux-x86_64/libjniswscale.so
7f47a077c000-7f47a07fb000 r-xp 00000000 103:05 264598                    /home/eugene/.javacpp/cache/ffmpeg-4.0.2-1.4.3-linux-x86_64.jar/org/bytedeco/javacpp/linux-x86_64/libswscale.so.5
7f47a07fb000-7f47a09fb000 ---p 0007f000 103:05 264598                    /home/eugene/.javacpp/cache/ffmpeg-4.0.2-1.4.3-linux-x86_64.jar/org/bytedeco/javacpp/linux-x86_64/libswscale.so.5
7f47a09fb000-7f47a09fc000 r--p 0007f000 103:05 264598                    /home/eugene/.javacpp/cache/ffmpeg-4.0.2-1.4.3-linux-x86_64.jar/org/bytedeco/javacpp/linux-x86_64/libswscale.so.5
7f47a09fc000-7f47a09fd000 rw-p 00080000 103:05 264598                    /home/eugene/.javacpp/cache/ffmpeg-4.0.2-1.4.3-linux-x86_64.jar/org/bytedeco/javacpp/linux-x86_64/libswscale.so.5
7f47a09fd000-7f47a0a05000 rw-p 00000000 00:00 0 
7f47a0a05000-7f47a0b30000 r-xp 00000000 103:05 266731                    /home/eugene/.javacpp/cache/ffmpeg-4.0.2-1.4.3-linux-x86_64.jar/org/bytedeco/javacpp/linux-x86_64/libjniavcodec.so
7f47a0b30000-7f47a0d30000 ---p 0012b000 103:05 266731                    /home/eugene/.javacpp/cache/ffmpeg-4.0.2-1.4.3-linux-x86_64.jar/org/bytedeco/javacpp/linux-x86_64/libjniavcodec.so
7f47a0d30000-7f47a0e63000 r--p 0012b000 103:05 266731                    /home/eugene/.javacpp/cache/ffmpeg-4.0.2-1.4.3-linux-x86_64.jar/org/bytedeco/javacpp/linux-x86_64/libjniavcodec.so
7f47a0e63000-7f47a0e64000 rw-p 0025e000 103:05 266731                    /home/eugene/.javacpp/cache/ffmpeg-4.0.2-1.4.3-linux-x86_64.jar/org/bytedeco/javacpp/linux-x86_64/libjniavcodec.so
7f47a0e64000-7f47a0e75000 r-xp 00000000 103:05 266728                    /home/eugene/.javacpp/cache/ffmpeg-4.0.2-1.4.3-linux-x86_64.jar/org/bytedeco/javacpp/linux-x86_64/libjniswresample.so
7f47a0e75000-7f47a1075000 ---p 00011000 103:05 266728                    /home/eugene/.javacpp/cache/ffmpeg-4.0.2-1.4.3-linux-x86_64.jar/org/bytedeco/javacpp/linux-x86_64/libjniswresample.so
7f47a1075000-7f47a1076000 r--p 00011000 103:05 266728                    /home/eugene/.javacpp/cache/ffmpeg-4.0.2-1.4.3-linux-x86_64.jar/org/bytedeco/javacpp/linux-x86_64/libjniswresample.so
7f47a1076000-7f47a1077000 rw-p 00012000 103:05 266728                    /home/eugene/.javacpp/cache/ffmpeg-4.0.2-1.4.3-linux-x86_64.jar/org/bytedeco/javacpp/linux-x86_64/libjniswresample.so
7f47a1077000-7f47a1091000 r-xp 00000000 103:05 266726                    /home/eugene/.javacpp/cache/ffmpeg-4.0.2-1.4.3-linux-x86_64.jar/org/bytedeco/javacpp/linux-x86_64/libswresample.so.3
7f47a1091000-7f47a1291000 ---p 0001a000 103:05 266726                    /home/eugene/.javacpp/cache/ffmpeg-4.0.2-1.4.3-linux-x86_64.jar/org/bytedeco/javacpp/linux-x86_64/libswresample.so.3
7f47a1291000-7f47a1293000 r--p 0001a000 103:05 266726                    /home/eugene/.javacpp/cache/ffmpeg-4.0.2-1.4.3-linux-x86_64.jar/org/bytedeco/javacpp/linux-x86_64/libswresample.so.3
7f47a1293000-7f47a1294000 rw-p 0001c000 103:05 266726                    /home/eugene/.javacpp/cache/ffmpeg-4.0.2-1.4.3-linux-x86_64.jar/org/bytedeco/javacpp/linux-x86_64/libswresample.so.3
7f47a1294000-7f47a1297000 ---p 00000000 00:00 0 
7f47a1297000-7f47a1395000 rw-p 00000000 00:00 0 
7f47a1395000-7f47a1439000 r-xp 00000000 103:05 266725                    /home/eugene/.javacpp/cache/ffmpeg-4.0.2-1.4.3-linux-x86_64.jar/org/bytedeco/javacpp/linux-x86_64/libjniavutil.so
7f47a1439000-7f47a1639000 ---p 000a4000 103:05 266725                    /home/eugene/.javacpp/cache/ffmpeg-4.0.2-1.4.3-linux-x86_64.jar/org/bytedeco/javacpp/linux-x86_64/libjniavutil.so
7f47a1639000-7f47a1674000 r--p 000a4000 103:05 266725                    /home/eugene/.javacpp/cache/ffmpeg-4.0.2-1.4.3-linux-x86_64.jar/org/bytedeco/javacpp/linux-x86_64/libjniavutil.so
7f47a1674000-7f47a1675000 rw-p 000df000 103:05 266725                    /home/eugene/.javacpp/cache/ffmpeg-4.0.2-1.4.3-linux-x86_64.jar/org/bytedeco/javacpp/linux-x86_64/libjniavutil.so
7f47a1675000-7f47a1676000 rw-p 00000000 00:00 0 
7f47a1676000-7f47a1687000 r-xp 00000000 103:05 940601                    /home/eugene/Downloads/jdk1.8.0_201/jre/lib/amd64/libnio.so
7f47a1687000-7f47a1886000 ---p 00011000 103:05 940601                    /home/eugene/Downloads/jdk1.8.0_201/jre/lib/amd64/libnio.so
7f47a1886000-7f47a1887000 r--p 00010000 103:05 940601                    /home/eugene/Downloads/jdk1.8.0_201/jre/lib/amd64/libnio.so
7f47a1887000-7f47a1888000 rw-p 00011000 103:05 940601                    /home/eugene/Downloads/jdk1.8.0_201/jre/lib/amd64/libnio.so
7f47a1888000-7f47a18e4000 r-xp 00000000 103:05 266709                    /home/eugene/.javacpp/cache/ffmpeg-4.0.2-1.4.3-linux-x86_64.jar/org/bytedeco/javacpp/linux-x86_64/libavutil.so.56
7f47a18e4000-7f47a1ae3000 ---p 0005c000 103:05 266709                    /home/eugene/.javacpp/cache/ffmpeg-4.0.2-1.4.3-linux-x86_64.jar/org/bytedeco/javacpp/linux-x86_64/libavutil.so.56
7f47a1ae3000-7f47a1aee000 r--p 0005b000 103:05 266709 